This is pdfTeX, Version 3.14159265-2.6-1.40.20 (TeX Live 2019/W32TeX) (preloaded format=pdflatex 2020.2.7)  12 APR 2020 15:16
entering extended mode
 restricted \write18 enabled.
 %&-line parsing enabled.
**hw5.tex
(./hw5.tex
LaTeX2e <2020-02-02>
L3 programming layer <2020-02-03>
(c:/texlive/2019/texmf-dist/tex/latex/base/article.cls
Document Class: article 2019/12/20 v1.4l Standard LaTeX document class
(c:/texlive/2019/texmf-dist/tex/latex/base/size10.clo
File: size10.clo 2019/12/20 v1.4l Standard LaTeX file (size option)
)
\c@part=\count167
\c@section=\count168
\c@subsection=\count169
\c@subsubsection=\count170
\c@paragraph=\count171
\c@subparagraph=\count172
\c@figure=\count173
\c@table=\count174
\abovecaptionskip=\skip47
\belowcaptionskip=\skip48
\bibindent=\dimen134
)
(c:/texlive/2019/texmf-dist/tex/latex/graphics/epsfig.sty
Package: epsfig 2017/06/25 v1.7b (e)psfig emulation (SPQR)

(c:/texlive/2019/texmf-dist/tex/latex/graphics/graphicx.sty
Package: graphicx 2019/11/30 v1.2a Enhanced LaTeX Graphics (DPC,SPQR)

(c:/texlive/2019/texmf-dist/tex/latex/graphics/keyval.sty
Package: keyval 2014/10/28 v1.15 key=value parser (DPC)
\KV@toks@=\toks14
)
(c:/texlive/2019/texmf-dist/tex/latex/graphics/graphics.sty
Package: graphics 2019/11/30 v1.4a Standard LaTeX Graphics (DPC,SPQR)

(c:/texlive/2019/texmf-dist/tex/latex/graphics/trig.sty
Package: trig 2016/01/03 v1.10 sin cos tan (DPC)
)
(c:/texlive/2019/texmf-dist/tex/latex/graphics-cfg/graphics.cfg
File: graphics.cfg 2016/06/04 v1.11 sample graphics configuration
)
Package graphics Info: Driver file: pdftex.def on input line 105.

(c:/texlive/2019/texmf-dist/tex/latex/graphics-def/pdftex.def
File: pdftex.def 2018/01/08 v1.0l Graphics/color driver for pdftex
))
\Gin@req@height=\dimen135
\Gin@req@width=\dimen136
)
\epsfxsize=\dimen137
\epsfysize=\dimen138
)
(c:/texlive/2019/texmf-dist/tex/latex/natbib/natbib.sty
Package: natbib 2010/09/13 8.31b (PWD, AO)
\bibhang=\skip49
\bibsep=\skip50
LaTeX Info: Redefining \cite on input line 694.
\c@NAT@ctr=\count175
)
(c:/texlive/2019/texmf-dist/tex/latex/units/units.sty
Package: units 1998/08/04 v0.9b Typesetting units

(c:/texlive/2019/texmf-dist/tex/latex/base/ifthen.sty
Package: ifthen 2014/09/29 v1.1c Standard LaTeX ifthen package (DPC)
)
(c:/texlive/2019/texmf-dist/tex/latex/units/nicefrac.sty
Package: nicefrac 1998/08/04 v0.9b Nice fractions
\L@UnitsRaiseDisplaystyle=\skip51
\L@UnitsRaiseTextstyle=\skip52
\L@UnitsRaiseScriptstyle=\skip53
))
(c:/texlive/2019/texmf-dist/tex/latex/amsfonts/amssymb.sty
Package: amssymb 2013/01/14 v3.01 AMS font symbols

(c:/texlive/2019/texmf-dist/tex/latex/amsfonts/amsfonts.sty
Package: amsfonts 2013/01/14 v3.01 Basic AMSFonts support
\@emptytoks=\toks15
\symAMSa=\mathgroup4
\symAMSb=\mathgroup5
LaTeX Font Info:    Redeclaring math symbol \hbar on input line 98.
LaTeX Font Info:    Overwriting math alphabet `\mathfrak' in version `bold'
(Font)                  U/euf/m/n --> U/euf/b/n on input line 106.
))
(c:/texlive/2019/texmf-dist/tex/latex/amsmath/amsmath.sty
Package: amsmath 2020/01/20 v2.17e AMS math features
\@mathmargin=\skip54

For additional information on amsmath, use the `?' option.
(c:/texlive/2019/texmf-dist/tex/latex/amsmath/amstext.sty
Package: amstext 2000/06/29 v2.01 AMS text

(c:/texlive/2019/texmf-dist/tex/latex/amsmath/amsgen.sty
File: amsgen.sty 1999/11/30 v2.0 generic functions
\@emptytoks=\toks16
\ex@=\dimen139
))
(c:/texlive/2019/texmf-dist/tex/latex/amsmath/amsbsy.sty
Package: amsbsy 1999/11/29 v1.2d Bold Symbols
\pmbraise@=\dimen140
)
(c:/texlive/2019/texmf-dist/tex/latex/amsmath/amsopn.sty
Package: amsopn 2016/03/08 v2.02 operator names
)
\inf@bad=\count176
LaTeX Info: Redefining \frac on input line 227.
\uproot@=\count177
\leftroot@=\count178
LaTeX Info: Redefining \overline on input line 389.
\classnum@=\count179
\DOTSCASE@=\count180
LaTeX Info: Redefining \ldots on input line 486.
LaTeX Info: Redefining \dots on input line 489.
LaTeX Info: Redefining \cdots on input line 610.
\Mathstrutbox@=\box45
\strutbox@=\box46
\big@size=\dimen141
LaTeX Font Info:    Redeclaring font encoding OML on input line 733.
LaTeX Font Info:    Redeclaring font encoding OMS on input line 734.
\macc@depth=\count181
\c@MaxMatrixCols=\count182
\dotsspace@=\muskip16
\c@parentequation=\count183
\dspbrk@lvl=\count184
\tag@help=\toks17
\row@=\count185
\column@=\count186
\maxfields@=\count187
\andhelp@=\toks18
\eqnshift@=\dimen142
\alignsep@=\dimen143
\tagshift@=\dimen144
\tagwidth@=\dimen145
\totwidth@=\dimen146
\lineht@=\dimen147
\@envbody=\toks19
\multlinegap=\skip55
\multlinetaggap=\skip56
\mathdisplay@stack=\toks20
LaTeX Info: Redefining \[ on input line 2859.
LaTeX Info: Redefining \] on input line 2860.
)
(c:/texlive/2019/texmf-dist/tex/generic/babel/babel.sty
Package: babel 2020/02/03 3.39 The Babel package

(c:/texlive/2019/texmf-dist/tex/generic/babel/switch.def
File: switch.def 2020/02/03 3.39 Babel switching mechanism
)
Package babel Info: You haven't specified a language. I'll use 'nil'
(babel)             as the main language. Reported on input line 570.

(c:/texlive/2019/texmf-dist/tex/generic/babel/nil.ldf
Language: nil 2020/02/03 3.39 Nil language

(c:/texlive/2019/texmf-dist/tex/generic/babel/babel.def
File: babel.def 2020/02/03 3.39 Babel common definitions
\babel@savecnt=\count188
\U@D=\dimen148

(c:/texlive/2019/texmf-dist/tex/generic/babel/txtbabel.def)
\bbl@readstream=\read2
\bbl@dirlevel=\count189
)
\l@nil=\language85
))
(c:/texlive/2019/texmf-dist/tex/latex/l3backend/l3backend-pdfmode.def
File: l3backend-pdfmode.def 2020-02-03 L3 backend support: PDF mode
\l__kernel_color_stack_int=\count190
\l__pdf_internal_box=\box47
)
(./hw5.aux)
\openout1 = `hw5.aux'.

LaTeX Font Info:    Checking defaults for OML/cmm/m/it on input line 47.
LaTeX Font Info:    ... okay on input line 47.
LaTeX Font Info:    Checking defaults for OMS/cmsy/m/n on input line 47.
LaTeX Font Info:    ... okay on input line 47.
LaTeX Font Info:    Checking defaults for OT1/cmr/m/n on input line 47.
LaTeX Font Info:    ... okay on input line 47.
LaTeX Font Info:    Checking defaults for T1/cmr/m/n on input line 47.
LaTeX Font Info:    ... okay on input line 47.
LaTeX Font Info:    Checking defaults for TS1/cmr/m/n on input line 47.
LaTeX Font Info:    ... okay on input line 47.
LaTeX Font Info:    Checking defaults for OMX/cmex/m/n on input line 47.
LaTeX Font Info:    ... okay on input line 47.
LaTeX Font Info:    Checking defaults for U/cmr/m/n on input line 47.
LaTeX Font Info:    ... okay on input line 47.
 (c:/texlive/2019/texmf-dist/tex/context/base/mkii/supp-pdf.mkii
[Loading MPS to PDF converter (version 2006.09.02).]
\scratchcounter=\count191
\scratchdimen=\dimen149
\scratchbox=\box48
\nofMPsegments=\count192
\nofMParguments=\count193
\everyMPshowfont=\toks21
\MPscratchCnt=\count194
\MPscratchDim=\dimen150
\MPnumerator=\count195
\makeMPintoPDFobject=\count196
\everyMPtoPDFconversion=\toks22
) (c:/texlive/2019/texmf-dist/tex/latex/epstopdf-pkg/epstopdf-base.sty
Package: epstopdf-base 2020-01-24 v2.11 Base part for package epstopdf
Package epstopdf-base Info: Redefining graphics rule for `.eps' on input line 4
85.

(c:/texlive/2019/texmf-dist/tex/latex/latexconfig/epstopdf-sys.cfg
File: epstopdf-sys.cfg 2010/07/13 v1.3 Configuration of (r)epstopdf for TeX Liv
e
))
LaTeX Font Info:    Trying to load font information for U+msa on input line 59.


(c:/texlive/2019/texmf-dist/tex/latex/amsfonts/umsa.fd
File: umsa.fd 2013/01/14 v3.01 AMS symbols A
)
LaTeX Font Info:    Trying to load font information for U+msb on input line 59.


(c:/texlive/2019/texmf-dist/tex/latex/amsfonts/umsb.fd
File: umsb.fd 2013/01/14 v3.01 AMS symbols B
) [1

{c:/texlive/2019/texmf-var/fonts/map/pdftex/updmap/pdftex.map}]
<Q1.jpg, id=13, 293.59688pt x 342.078pt>
File: Q1.jpg Graphic file (type jpg)
<use Q1.jpg>
Package pdftex.def Info: Q1.jpg  used on input line 86.
(pdftex.def)             Requested size: 293.59615pt x 342.07715pt.
 [2 <./Q1.jpg>]
<heatmaps1/A1_0.jpg, id=18, 462.528pt x 346.896pt>
File: heatmaps1/A1_0.jpg Graphic file (type jpg)
<use heatmaps1/A1_0.jpg>
Package pdftex.def Info: heatmaps1/A1_0.jpg  used on input line 99.
(pdftex.def)             Requested size: 231.26343pt x 173.44757pt.
<heatmaps1/A1_3.jpg, id=19, 462.528pt x 346.896pt>
File: heatmaps1/A1_3.jpg Graphic file (type jpg)
<use heatmaps1/A1_3.jpg>
Package pdftex.def Info: heatmaps1/A1_3.jpg  used on input line 99.
(pdftex.def)             Requested size: 231.26343pt x 173.44757pt.
<heatmaps1/A4_0.jpg, id=20, 462.528pt x 346.896pt>
File: heatmaps1/A4_0.jpg Graphic file (type jpg)
<use heatmaps1/A4_0.jpg>
Package pdftex.def Info: heatmaps1/A4_0.jpg  used on input line 101.
(pdftex.def)             Requested size: 231.26343pt x 173.44757pt.
<heatmaps1/A4_3.jpg, id=21, 462.528pt x 346.896pt>
File: heatmaps1/A4_3.jpg Graphic file (type jpg)
<use heatmaps1/A4_3.jpg>
Package pdftex.def Info: heatmaps1/A4_3.jpg  used on input line 101.
(pdftex.def)             Requested size: 231.26343pt x 173.44757pt.

Overfull \hbox (16.7719pt too wide) in paragraph at lines 98--104
[][] 
 []

<heatmaps1/A8_0.jpg, id=22, 462.528pt x 346.896pt>
File: heatmaps1/A8_0.jpg Graphic file (type jpg)
<use heatmaps1/A8_0.jpg>
Package pdftex.def Info: heatmaps1/A8_0.jpg  used on input line 107.
(pdftex.def)             Requested size: 231.26343pt x 173.44757pt.
<heatmaps1/A8_3.jpg, id=23, 462.528pt x 346.896pt>
File: heatmaps1/A8_3.jpg Graphic file (type jpg)
<use heatmaps1/A8_3.jpg>
Package pdftex.def Info: heatmaps1/A8_3.jpg  used on input line 107.
(pdftex.def)             Requested size: 231.26343pt x 173.44757pt.
<heatmaps1/A1c_12_3.jpg, id=24, 462.528pt x 346.896pt>
File: heatmaps1/A1c_12_3.jpg Graphic file (type jpg)
<use heatmaps1/A1c_12_3.jpg>
Package pdftex.def Info: heatmaps1/A1c_12_3.jpg  used on input line 109.
(pdftex.def)             Requested size: 231.26343pt x 173.44757pt.
<heatmaps1/A1c_24_9.jpg, id=25, 462.528pt x 346.896pt>
File: heatmaps1/A1c_24_9.jpg Graphic file (type jpg)
<use heatmaps1/A1c_24_9.jpg>
Package pdftex.def Info: heatmaps1/A1c_24_9.jpg  used on input line 109.
(pdftex.def)             Requested size: 231.26343pt x 173.44757pt.

Overfull \hbox (16.7719pt too wide) in paragraph at lines 106--112
[][] 
 []


Underfull \vbox (badness 10000) has occurred while \output is active []

 [3 <./heatmaps1/A1_0.jpg> <./heatmaps1/A1_3.jpg> <./heatmaps1/A4_0.jpg> <./hea
tmaps1/A4_3.jpg>]
Underfull \hbox (badness 10000) in paragraph at lines 113--114

 []

<heatmaps1/B1_0.jpg, id=29, 462.528pt x 346.896pt>
File: heatmaps1/B1_0.jpg Graphic file (type jpg)
<use heatmaps1/B1_0.jpg>
Package pdftex.def Info: heatmaps1/B1_0.jpg  used on input line 116.
(pdftex.def)             Requested size: 231.26343pt x 173.44757pt.
<heatmaps1/B1_3.jpg, id=30, 462.528pt x 346.896pt>
File: heatmaps1/B1_3.jpg Graphic file (type jpg)
<use heatmaps1/B1_3.jpg>
Package pdftex.def Info: heatmaps1/B1_3.jpg  used on input line 116.
(pdftex.def)             Requested size: 231.26343pt x 173.44757pt.

Overfull \hbox (16.7719pt too wide) in paragraph at lines 115--119
[][] 
 []

<heatmaps1/B4_0.jpg, id=31, 462.528pt x 346.896pt>
File: heatmaps1/B4_0.jpg Graphic file (type jpg)
<use heatmaps1/B4_0.jpg>
Package pdftex.def Info: heatmaps1/B4_0.jpg  used on input line 122.
(pdftex.def)             Requested size: 231.26343pt x 173.44757pt.
<heatmaps1/B4_3.jpg, id=32, 462.528pt x 346.896pt>
File: heatmaps1/B4_3.jpg Graphic file (type jpg)
<use heatmaps1/B4_3.jpg>
Package pdftex.def Info: heatmaps1/B4_3.jpg  used on input line 122.
(pdftex.def)             Requested size: 231.26343pt x 173.44757pt.
<heatmaps1/B8_0.jpg, id=33, 462.528pt x 346.896pt>
File: heatmaps1/B8_0.jpg Graphic file (type jpg)
<use heatmaps1/B8_0.jpg>
Package pdftex.def Info: heatmaps1/B8_0.jpg  used on input line 124.
(pdftex.def)             Requested size: 231.26343pt x 173.44757pt.
<heatmaps1/B8_3.jpg, id=34, 462.528pt x 346.896pt>
File: heatmaps1/B8_3.jpg Graphic file (type jpg)
<use heatmaps1/B8_3.jpg>
Package pdftex.def Info: heatmaps1/B8_3.jpg  used on input line 124.
(pdftex.def)             Requested size: 231.26343pt x 173.44757pt.
<heatmaps1/B1c_12_3.jpg, id=35, 462.528pt x 346.896pt>
File: heatmaps1/B1c_12_3.jpg Graphic file (type jpg)
<use heatmaps1/B1c_12_3.jpg>
Package pdftex.def Info: heatmaps1/B1c_12_3.jpg  used on input line 126.
(pdftex.def)             Requested size: 231.26343pt x 173.44757pt.
<heatmaps1/B1c_24_9.jpg, id=36, 462.528pt x 346.896pt>
File: heatmaps1/B1c_24_9.jpg Graphic file (type jpg)
<use heatmaps1/B1c_24_9.jpg>
Package pdftex.def Info: heatmaps1/B1c_24_9.jpg  used on input line 126.
(pdftex.def)             Requested size: 231.26343pt x 173.44757pt.

Overfull \hbox (16.7719pt too wide) in paragraph at lines 121--129
[][] 
 []


Underfull \vbox (badness 10000) has occurred while \output is active []

 [4 <./heatmaps1/A8_0.jpg> <./heatmaps1/A8_3.jpg> <./heatmaps1/A1c_12_3.jpg> <.
/heatmaps1/A1c_24_9.jpg> <./heatmaps1/B1_0.jpg> <./heatmaps1/B1_3.jpg>]
Underfull \vbox (badness 10000) has occurred while \output is active []

 [5 <./heatmaps1/B4_0.jpg> <./heatmaps1/B4_3.jpg> <./heatmaps1/B8_0.jpg> <./hea
tmaps1/B8_3.jpg> <./heatmaps1/B1c_12_3.jpg> <./heatmaps1/B1c_24_9.jpg>]
Overfull \hbox (5.69022pt too wide) in paragraph at lines 141--142
[]\OT1/cmr/m/n/10 (10 points) Train 30 neural networks, but in each case first 
sample the training examples with replacement
 []


Overfull \hbox (1.19026pt too wide) in paragraph at lines 147--148
[]\OT1/cmr/m/n/10 The following table contains the results (only 10 neural netw
orks were used instead of 30, due to computational
 []

<Q2.jpg, id=43, 475.7775pt x 210.7875pt>
File: Q2.jpg Graphic file (type jpg)
<use Q2.jpg>
Package pdftex.def Info: Q2.jpg  used on input line 149.
(pdftex.def)             Requested size: 475.77632pt x 210.78699pt.

Overfull \hbox (6.02133pt too wide) in paragraph at lines 149--150
[][] 
 []


Underfull \hbox (badness 10000) in paragraph at lines 153--154

 []

[6 <./Q2.jpg>] [7] (./hw5.aux) ) 
Here is how much of TeX's memory you used:
 3466 strings out of 481248
 45470 string characters out of 5922104
 292153 words of memory out of 5000000
 18681 multiletter control sequences out of 15000+600000
 535342 words of font info for 36 fonts, out of 8000000 for 9000
 1141 hyphenation exceptions out of 8191
 38i,11n,31p,935b,211s stack positions out of 5000i,500n,10000p,200000b,80000s
<c:/texlive/2019/texmf-dist/fonts/type1/public/
amsfonts/cm/cmbx10.pfb><c:/texlive/2019/texmf-dist/fonts/type1/public/amsfonts/
cm/cmmi10.pfb><c:/texlive/2019/texmf-dist/fonts/type1/public/amsfonts/cm/cmr10.
pfb><c:/texlive/2019/texmf-dist/fonts/type1/public/amsfonts/cm/cmr12.pfb><c:/te
xlive/2019/texmf-dist/fonts/type1/public/amsfonts/cm/cmr7.pfb><c:/texlive/2019/
texmf-dist/fonts/type1/public/amsfonts/cm/cmsl10.pfb><c:/texlive/2019/texmf-dis
t/fonts/type1/public/amsfonts/cm/cmsy10.pfb><c:/texlive/2019/texmf-dist/fonts/t
ype1/public/amsfonts/cm/cmsy7.pfb><c:/texlive/2019/texmf-dist/fonts/type1/publi
c/amsfonts/cm/cmti10.pfb>
Output written on hw5.pdf (7 pages, 1564247 bytes).
PDF statistics:
 82 PDF objects out of 1000 (max. 8388607)
 45 compressed objects within 1 object stream
 0 named destinations out of 1000 (max. 500000)
 91 words of extra memory for PDF output out of 10000 (max. 10000000)

